2018-09-30 18:15:37,073 - Log4JLogChute initialized using file 'velocity.log'
2018-09-30 18:15:37,074 - Velocity was not initialized! Calling init()...
2018-09-30 18:15:37,074 - Starting Apache Velocity v1.5 (compiled: 2007-02-22 08:52:29)
2018-09-30 18:15:37,074 - Default Properties File: org/apache/velocity/runtime/defaults/velocity.properties
2018-09-30 18:15:37,074 - Trying to use logger class org.apache.velocity.runtime.log.AvalonLogChute
2018-09-30 18:15:37,074 - Couldn't find class org.apache.velocity.runtime.log.AvalonLogChute or necessary supporting classes in classpath.
java.lang.NoClassDefFoundError: org/apache/log/format/Formatter
	at java.lang.Class.forName0(Native Method)
	at java.lang.Class.forName(Class.java:348)
	at org.apache.velocity.util.ClassUtils.getClass(ClassUtils.java:63)
	at org.apache.velocity.util.ClassUtils.getNewInstance(ClassUtils.java:95)
	at org.apache.velocity.runtime.log.LogManager.createLogChute(LogManager.java:147)
	at org.apache.velocity.runtime.log.LogManager.updateLog(LogManager.java:208)
	at org.apache.velocity.runtime.RuntimeInstance.initializeLog(RuntimeInstance.java:728)
	at org.apache.velocity.runtime.RuntimeInstance.init(RuntimeInstance.java:240)
	at org.apache.velocity.runtime.RuntimeInstance.parse(RuntimeInstance.java:993)
	at org.apache.velocity.runtime.RuntimeInstance.parse(RuntimeInstance.java:972)
	at org.apache.velocity.runtime.RuntimeSingleton.parse(RuntimeSingleton.java:265)
	at org.apache.velocity.app.Velocity.evaluate(Velocity.java:274)
	at org.sonatype.mavenbook.weather.WeatherFormatter.format(WeatherFormatter.java:21)
	at org.sonatype.mavenbook.weather.yahoo.WeatherFormatterTest.testFormat(WeatherFormatterTest.java:23)
	at sun.reflect.NativeMethodAccessorImpl.invoke0(Native Method)
	at sun.reflect.NativeMethodAccessorImpl.invoke(NativeMethodAccessorImpl.java:62)
	at sun.reflect.DelegatingMethodAccessorImpl.invoke(DelegatingMethodAccessorImpl.java:43)
	at java.lang.reflect.Method.invoke(Method.java:498)
	at junit.framework.TestCase.runTest(TestCase.java:176)
	at junit.framework.TestCase.runBare(TestCase.java:141)
	at junit.framework.TestResult$1.protect(TestResult.java:122)
	at junit.framework.TestResult.runProtected(TestResult.java:142)
	at junit.framework.TestResult.run(TestResult.java:125)
	at junit.framework.TestCase.run(TestCase.java:129)
	at junit.framework.TestSuite.runTest(TestSuite.java:252)
	at junit.framework.TestSuite.run(TestSuite.java:247)
	at org.junit.internal.runners.JUnit38ClassRunner.run(JUnit38ClassRunner.java:86)
	at org.apache.maven.surefire.junit4.JUnit4Provider.execute(JUnit4Provider.java:252)
	at org.apache.maven.surefire.junit4.JUnit4Provider.executeTestSet(JUnit4Provider.java:141)
	at org.apache.maven.surefire.junit4.JUnit4Provider.invoke(JUnit4Provider.java:112)
	at sun.reflect.NativeMethodAccessorImpl.invoke0(Native Method)
	at sun.reflect.NativeMethodAccessorImpl.invoke(NativeMethodAccessorImpl.java:62)
	at sun.reflect.DelegatingMethodAccessorImpl.invoke(DelegatingMethodAccessorImpl.java:43)
	at java.lang.reflect.Method.invoke(Method.java:498)
	at org.apache.maven.surefire.util.ReflectionUtils.invokeMethodWithArray(ReflectionUtils.java:189)
	at org.apache.maven.surefire.booter.ProviderFactory$ProviderProxy.invoke(ProviderFactory.java:165)
	at org.apache.maven.surefire.booter.ProviderFactory.invokeProvider(ProviderFactory.java:85)
	at org.apache.maven.surefire.booter.ForkedBooter.runSuitesInProcess(ForkedBooter.java:115)
	at org.apache.maven.surefire.booter.ForkedBooter.main(ForkedBooter.java:75)
Caused by: java.lang.ClassNotFoundException: org.apache.log.format.Formatter
	at java.net.URLClassLoader.findClass(URLClassLoader.java:381)
	at java.lang.ClassLoader.loadClass(ClassLoader.java:424)
	at sun.misc.Launcher$AppClassLoader.loadClass(Launcher.java:349)
	at java.lang.ClassLoader.loadClass(ClassLoader.java:357)
	... 39 more
2018-09-30 18:15:37,075 - Trying to use logger class org.apache.velocity.runtime.log.Log4JLogChute
2018-09-30 18:15:37,075 - Using logger class org.apache.velocity.runtime.log.Log4JLogChute
2018-09-30 18:15:37,077 - Default ResourceManager initializing. (class org.apache.velocity.runtime.resource.ResourceManagerImpl)
2018-09-30 18:15:37,078 - ResourceLoader instantiated: org.apache.velocity.runtime.resource.loader.FileResourceLoader
2018-09-30 18:15:37,079 - Do unicode file recognition:  false
2018-09-30 18:15:37,079 - FileResourceLoader : adding path '.'
2018-09-30 18:15:37,086 - ResourceCache: initialized (class org.apache.velocity.runtime.resource.ResourceCacheImpl)
2018-09-30 18:15:37,086 - Loaded System Directive: org.apache.velocity.runtime.directive.Literal
2018-09-30 18:15:37,087 - Loaded System Directive: org.apache.velocity.runtime.directive.Macro
2018-09-30 18:15:37,088 - Loaded System Directive: org.apache.velocity.runtime.directive.Parse
2018-09-30 18:15:37,088 - Loaded System Directive: org.apache.velocity.runtime.directive.Include
2018-09-30 18:15:37,089 - Loaded System Directive: org.apache.velocity.runtime.directive.Foreach
2018-09-30 18:15:37,101 - Created '20' parsers.
2018-09-30 18:15:37,103 - Velocimacro : "velocimacro.library" is not set.  Trying default library: VM_global_library.vm
2018-09-30 18:15:37,103 - Velocimacro : Default library not found.
2018-09-30 18:15:37,103 - Velocimacro : allowInline = true : VMs can be defined inline in templates
2018-09-30 18:15:37,103 - Velocimacro : allowInlineToOverride = false : VMs defined inline may NOT replace previous VM definitions
2018-09-30 18:15:37,103 - Velocimacro : allowInlineLocal = false : VMs defined inline will be global in scope if allowed.
2018-09-30 18:15:37,103 - Velocimacro : autoload off : VM system will not automatically reload global library macros
2018-09-30 18:55:45,486 - Log4JLogChute initialized using file 'velocity.log'
2018-09-30 18:55:45,486 - Velocity was not initialized! Calling init()...
2018-09-30 18:55:45,487 - Starting Apache Velocity v1.5 (compiled: 2007-02-22 08:52:29)
2018-09-30 18:55:45,487 - Default Properties File: org/apache/velocity/runtime/defaults/velocity.properties
2018-09-30 18:55:45,487 - Trying to use logger class org.apache.velocity.runtime.log.AvalonLogChute
2018-09-30 18:55:45,487 - Couldn't find class org.apache.velocity.runtime.log.AvalonLogChute or necessary supporting classes in classpath.
java.lang.NoClassDefFoundError: org/apache/log/format/Formatter
	at java.lang.Class.forName0(Native Method)
	at java.lang.Class.forName(Class.java:348)
	at org.apache.velocity.util.ClassUtils.getClass(ClassUtils.java:63)
	at org.apache.velocity.util.ClassUtils.getNewInstance(ClassUtils.java:95)
	at org.apache.velocity.runtime.log.LogManager.createLogChute(LogManager.java:147)
	at org.apache.velocity.runtime.log.LogManager.updateLog(LogManager.java:208)
	at org.apache.velocity.runtime.RuntimeInstance.initializeLog(RuntimeInstance.java:728)
	at org.apache.velocity.runtime.RuntimeInstance.init(RuntimeInstance.java:240)
	at org.apache.velocity.runtime.RuntimeInstance.parse(RuntimeInstance.java:993)
	at org.apache.velocity.runtime.RuntimeInstance.parse(RuntimeInstance.java:972)
	at org.apache.velocity.runtime.RuntimeSingleton.parse(RuntimeSingleton.java:265)
	at org.apache.velocity.app.Velocity.evaluate(Velocity.java:274)
	at org.sonatype.mavenbook.weather.WeatherFormatter.format(WeatherFormatter.java:21)
	at org.sonatype.mavenbook.weather.yahoo.WeatherFormatterTest.testFormat(WeatherFormatterTest.java:23)
	at sun.reflect.NativeMethodAccessorImpl.invoke0(Native Method)
	at sun.reflect.NativeMethodAccessorImpl.invoke(NativeMethodAccessorImpl.java:62)
	at sun.reflect.DelegatingMethodAccessorImpl.invoke(DelegatingMethodAccessorImpl.java:43)
	at java.lang.reflect.Method.invoke(Method.java:498)
	at junit.framework.TestCase.runTest(TestCase.java:176)
	at junit.framework.TestCase.runBare(TestCase.java:141)
	at junit.framework.TestResult$1.protect(TestResult.java:122)
	at junit.framework.TestResult.runProtected(TestResult.java:142)
	at junit.framework.TestResult.run(TestResult.java:125)
	at junit.framework.TestCase.run(TestCase.java:129)
	at junit.framework.TestSuite.runTest(TestSuite.java:252)
	at junit.framework.TestSuite.run(TestSuite.java:247)
	at org.junit.internal.runners.JUnit38ClassRunner.run(JUnit38ClassRunner.java:86)
	at org.apache.maven.surefire.junit4.JUnit4Provider.execute(JUnit4Provider.java:252)
	at org.apache.maven.surefire.junit4.JUnit4Provider.executeTestSet(JUnit4Provider.java:141)
	at org.apache.maven.surefire.junit4.JUnit4Provider.invoke(JUnit4Provider.java:112)
	at sun.reflect.NativeMethodAccessorImpl.invoke0(Native Method)
	at sun.reflect.NativeMethodAccessorImpl.invoke(NativeMethodAccessorImpl.java:62)
	at sun.reflect.DelegatingMethodAccessorImpl.invoke(DelegatingMethodAccessorImpl.java:43)
	at java.lang.reflect.Method.invoke(Method.java:498)
	at org.apache.maven.surefire.util.ReflectionUtils.invokeMethodWithArray(ReflectionUtils.java:189)
	at org.apache.maven.surefire.booter.ProviderFactory$ProviderProxy.invoke(ProviderFactory.java:165)
	at org.apache.maven.surefire.booter.ProviderFactory.invokeProvider(ProviderFactory.java:85)
	at org.apache.maven.surefire.booter.ForkedBooter.runSuitesInProcess(ForkedBooter.java:115)
	at org.apache.maven.surefire.booter.ForkedBooter.main(ForkedBooter.java:75)
Caused by: java.lang.ClassNotFoundException: org.apache.log.format.Formatter
	at java.net.URLClassLoader.findClass(URLClassLoader.java:381)
	at java.lang.ClassLoader.loadClass(ClassLoader.java:424)
	at sun.misc.Launcher$AppClassLoader.loadClass(Launcher.java:349)
	at java.lang.ClassLoader.loadClass(ClassLoader.java:357)
	... 39 more
2018-09-30 18:55:45,488 - Trying to use logger class org.apache.velocity.runtime.log.Log4JLogChute
2018-09-30 18:55:45,489 - Using logger class org.apache.velocity.runtime.log.Log4JLogChute
2018-09-30 18:55:45,489 - Default ResourceManager initializing. (class org.apache.velocity.runtime.resource.ResourceManagerImpl)
2018-09-30 18:55:45,491 - ResourceLoader instantiated: org.apache.velocity.runtime.resource.loader.FileResourceLoader
2018-09-30 18:55:45,491 - Do unicode file recognition:  false
2018-09-30 18:55:45,491 - FileResourceLoader : adding path '.'
2018-09-30 18:55:45,496 - ResourceCache: initialized (class org.apache.velocity.runtime.resource.ResourceCacheImpl)
2018-09-30 18:55:45,497 - Loaded System Directive: org.apache.velocity.runtime.directive.Literal
2018-09-30 18:55:45,497 - Loaded System Directive: org.apache.velocity.runtime.directive.Macro
2018-09-30 18:55:45,498 - Loaded System Directive: org.apache.velocity.runtime.directive.Parse
2018-09-30 18:55:45,498 - Loaded System Directive: org.apache.velocity.runtime.directive.Include
2018-09-30 18:55:45,499 - Loaded System Directive: org.apache.velocity.runtime.directive.Foreach
2018-09-30 18:55:45,511 - Created '20' parsers.
2018-09-30 18:55:45,513 - Velocimacro : "velocimacro.library" is not set.  Trying default library: VM_global_library.vm
2018-09-30 18:55:45,513 - Velocimacro : Default library not found.
2018-09-30 18:55:45,513 - Velocimacro : allowInline = true : VMs can be defined inline in templates
2018-09-30 18:55:45,513 - Velocimacro : allowInlineToOverride = false : VMs defined inline may NOT replace previous VM definitions
2018-09-30 18:55:45,513 - Velocimacro : allowInlineLocal = false : VMs defined inline will be global in scope if allowed.
2018-09-30 18:55:45,513 - Velocimacro : autoload off : VM system will not automatically reload global library macros
2018-09-30 18:57:58,711 - Log4JLogChute initialized using file 'velocity.log'
2018-09-30 18:57:58,712 - Velocity was not initialized! Calling init()...
2018-09-30 18:57:58,712 - Starting Apache Velocity v1.5 (compiled: 2007-02-22 08:52:29)
2018-09-30 18:57:58,712 - Default Properties File: org/apache/velocity/runtime/defaults/velocity.properties
2018-09-30 18:57:58,712 - Trying to use logger class org.apache.velocity.runtime.log.AvalonLogChute
2018-09-30 18:57:58,712 - Couldn't find class org.apache.velocity.runtime.log.AvalonLogChute or necessary supporting classes in classpath.
java.lang.NoClassDefFoundError: org/apache/log/format/Formatter
	at java.lang.Class.forName0(Native Method)
	at java.lang.Class.forName(Class.java:348)
	at org.apache.velocity.util.ClassUtils.getClass(ClassUtils.java:63)
	at org.apache.velocity.util.ClassUtils.getNewInstance(ClassUtils.java:95)
	at org.apache.velocity.runtime.log.LogManager.createLogChute(LogManager.java:147)
	at org.apache.velocity.runtime.log.LogManager.updateLog(LogManager.java:208)
	at org.apache.velocity.runtime.RuntimeInstance.initializeLog(RuntimeInstance.java:728)
	at org.apache.velocity.runtime.RuntimeInstance.init(RuntimeInstance.java:240)
	at org.apache.velocity.runtime.RuntimeInstance.parse(RuntimeInstance.java:993)
	at org.apache.velocity.runtime.RuntimeInstance.parse(RuntimeInstance.java:972)
	at org.apache.velocity.runtime.RuntimeSingleton.parse(RuntimeSingleton.java:265)
	at org.apache.velocity.app.Velocity.evaluate(Velocity.java:274)
	at org.sonatype.mavenbook.weather.WeatherFormatter.format(WeatherFormatter.java:21)
	at org.sonatype.mavenbook.weather.yahoo.WeatherFormatterTest.testFormat(WeatherFormatterTest.java:23)
	at sun.reflect.NativeMethodAccessorImpl.invoke0(Native Method)
	at sun.reflect.NativeMethodAccessorImpl.invoke(NativeMethodAccessorImpl.java:62)
	at sun.reflect.DelegatingMethodAccessorImpl.invoke(DelegatingMethodAccessorImpl.java:43)
	at java.lang.reflect.Method.invoke(Method.java:498)
	at junit.framework.TestCase.runTest(TestCase.java:176)
	at junit.framework.TestCase.runBare(TestCase.java:141)
	at junit.framework.TestResult$1.protect(TestResult.java:122)
	at junit.framework.TestResult.runProtected(TestResult.java:142)
	at junit.framework.TestResult.run(TestResult.java:125)
	at junit.framework.TestCase.run(TestCase.java:129)
	at junit.framework.TestSuite.runTest(TestSuite.java:252)
	at junit.framework.TestSuite.run(TestSuite.java:247)
	at org.junit.internal.runners.JUnit38ClassRunner.run(JUnit38ClassRunner.java:86)
	at org.apache.maven.surefire.junit4.JUnit4Provider.execute(JUnit4Provider.java:252)
	at org.apache.maven.surefire.junit4.JUnit4Provider.executeTestSet(JUnit4Provider.java:141)
	at org.apache.maven.surefire.junit4.JUnit4Provider.invoke(JUnit4Provider.java:112)
	at sun.reflect.NativeMethodAccessorImpl.invoke0(Native Method)
	at sun.reflect.NativeMethodAccessorImpl.invoke(NativeMethodAccessorImpl.java:62)
	at sun.reflect.DelegatingMethodAccessorImpl.invoke(DelegatingMethodAccessorImpl.java:43)
	at java.lang.reflect.Method.invoke(Method.java:498)
	at org.apache.maven.surefire.util.ReflectionUtils.invokeMethodWithArray(ReflectionUtils.java:189)
	at org.apache.maven.surefire.booter.ProviderFactory$ProviderProxy.invoke(ProviderFactory.java:165)
	at org.apache.maven.surefire.booter.ProviderFactory.invokeProvider(ProviderFactory.java:85)
	at org.apache.maven.surefire.booter.ForkedBooter.runSuitesInProcess(ForkedBooter.java:115)
	at org.apache.maven.surefire.booter.ForkedBooter.main(ForkedBooter.java:75)
Caused by: java.lang.ClassNotFoundException: org.apache.log.format.Formatter
	at java.net.URLClassLoader.findClass(URLClassLoader.java:381)
	at java.lang.ClassLoader.loadClass(ClassLoader.java:424)
	at sun.misc.Launcher$AppClassLoader.loadClass(Launcher.java:349)
	at java.lang.ClassLoader.loadClass(ClassLoader.java:357)
	... 39 more
2018-09-30 18:57:58,713 - Trying to use logger class org.apache.velocity.runtime.log.Log4JLogChute
2018-09-30 18:57:58,713 - Using logger class org.apache.velocity.runtime.log.Log4JLogChute
2018-09-30 18:57:58,714 - Default ResourceManager initializing. (class org.apache.velocity.runtime.resource.ResourceManagerImpl)
2018-09-30 18:57:58,716 - ResourceLoader instantiated: org.apache.velocity.runtime.resource.loader.FileResourceLoader
2018-09-30 18:57:58,717 - Do unicode file recognition:  false
2018-09-30 18:57:58,717 - FileResourceLoader : adding path '.'
2018-09-30 18:57:58,722 - ResourceCache: initialized (class org.apache.velocity.runtime.resource.ResourceCacheImpl)
2018-09-30 18:57:58,723 - Loaded System Directive: org.apache.velocity.runtime.directive.Literal
2018-09-30 18:57:58,723 - Loaded System Directive: org.apache.velocity.runtime.directive.Macro
2018-09-30 18:57:58,724 - Loaded System Directive: org.apache.velocity.runtime.directive.Parse
2018-09-30 18:57:58,724 - Loaded System Directive: org.apache.velocity.runtime.directive.Include
2018-09-30 18:57:58,725 - Loaded System Directive: org.apache.velocity.runtime.directive.Foreach
2018-09-30 18:57:58,737 - Created '20' parsers.
2018-09-30 18:57:58,740 - Velocimacro : "velocimacro.library" is not set.  Trying default library: VM_global_library.vm
2018-09-30 18:57:58,740 - Velocimacro : Default library not found.
2018-09-30 18:57:58,740 - Velocimacro : allowInline = true : VMs can be defined inline in templates
2018-09-30 18:57:58,740 - Velocimacro : allowInlineToOverride = false : VMs defined inline may NOT replace previous VM definitions
2018-09-30 18:57:58,740 - Velocimacro : allowInlineLocal = false : VMs defined inline will be global in scope if allowed.
2018-09-30 18:57:58,740 - Velocimacro : autoload off : VM system will not automatically reload global library macros
2018-09-30 18:58:53,976 - Log4JLogChute initialized using file 'velocity.log'
2018-09-30 18:58:53,976 - Velocity was not initialized! Calling init()...
2018-09-30 18:58:53,976 - Starting Apache Velocity v1.5 (compiled: 2007-02-22 08:52:29)
2018-09-30 18:58:53,976 - Default Properties File: org/apache/velocity/runtime/defaults/velocity.properties
2018-09-30 18:58:53,976 - Trying to use logger class org.apache.velocity.runtime.log.AvalonLogChute
2018-09-30 18:58:53,977 - Couldn't find class org.apache.velocity.runtime.log.AvalonLogChute or necessary supporting classes in classpath.
java.lang.NoClassDefFoundError: org/apache/log/format/Formatter
	at java.lang.Class.forName0(Native Method)
	at java.lang.Class.forName(Class.java:348)
	at org.apache.velocity.util.ClassUtils.getClass(ClassUtils.java:63)
	at org.apache.velocity.util.ClassUtils.getNewInstance(ClassUtils.java:95)
	at org.apache.velocity.runtime.log.LogManager.createLogChute(LogManager.java:147)
	at org.apache.velocity.runtime.log.LogManager.updateLog(LogManager.java:208)
	at org.apache.velocity.runtime.RuntimeInstance.initializeLog(RuntimeInstance.java:728)
	at org.apache.velocity.runtime.RuntimeInstance.init(RuntimeInstance.java:240)
	at org.apache.velocity.runtime.RuntimeInstance.parse(RuntimeInstance.java:993)
	at org.apache.velocity.runtime.RuntimeInstance.parse(RuntimeInstance.java:972)
	at org.apache.velocity.runtime.RuntimeSingleton.parse(RuntimeSingleton.java:265)
	at org.apache.velocity.app.Velocity.evaluate(Velocity.java:274)
	at org.sonatype.mavenbook.weather.WeatherFormatter.format(WeatherFormatter.java:21)
	at org.sonatype.mavenbook.weather.yahoo.WeatherFormatterTest.testFormat(WeatherFormatterTest.java:23)
	at sun.reflect.NativeMethodAccessorImpl.invoke0(Native Method)
	at sun.reflect.NativeMethodAccessorImpl.invoke(NativeMethodAccessorImpl.java:62)
	at sun.reflect.DelegatingMethodAccessorImpl.invoke(DelegatingMethodAccessorImpl.java:43)
	at java.lang.reflect.Method.invoke(Method.java:498)
	at junit.framework.TestCase.runTest(TestCase.java:176)
	at junit.framework.TestCase.runBare(TestCase.java:141)
	at junit.framework.TestResult$1.protect(TestResult.java:122)
	at junit.framework.TestResult.runProtected(TestResult.java:142)
	at junit.framework.TestResult.run(TestResult.java:125)
	at junit.framework.TestCase.run(TestCase.java:129)
	at junit.framework.TestSuite.runTest(TestSuite.java:252)
	at junit.framework.TestSuite.run(TestSuite.java:247)
	at org.junit.internal.runners.JUnit38ClassRunner.run(JUnit38ClassRunner.java:86)
	at org.apache.maven.surefire.junit4.JUnit4Provider.execute(JUnit4Provider.java:252)
	at org.apache.maven.surefire.junit4.JUnit4Provider.executeTestSet(JUnit4Provider.java:141)
	at org.apache.maven.surefire.junit4.JUnit4Provider.invoke(JUnit4Provider.java:112)
	at sun.reflect.NativeMethodAccessorImpl.invoke0(Native Method)
	at sun.reflect.NativeMethodAccessorImpl.invoke(NativeMethodAccessorImpl.java:62)
	at sun.reflect.DelegatingMethodAccessorImpl.invoke(DelegatingMethodAccessorImpl.java:43)
	at java.lang.reflect.Method.invoke(Method.java:498)
	at org.apache.maven.surefire.util.ReflectionUtils.invokeMethodWithArray(ReflectionUtils.java:189)
	at org.apache.maven.surefire.booter.ProviderFactory$ProviderProxy.invoke(ProviderFactory.java:165)
	at org.apache.maven.surefire.booter.ProviderFactory.invokeProvider(ProviderFactory.java:85)
	at org.apache.maven.surefire.booter.ForkedBooter.runSuitesInProcess(ForkedBooter.java:115)
	at org.apache.maven.surefire.booter.ForkedBooter.main(ForkedBooter.java:75)
Caused by: java.lang.ClassNotFoundException: org.apache.log.format.Formatter
	at java.net.URLClassLoader.findClass(URLClassLoader.java:381)
	at java.lang.ClassLoader.loadClass(ClassLoader.java:424)
	at sun.misc.Launcher$AppClassLoader.loadClass(Launcher.java:349)
	at java.lang.ClassLoader.loadClass(ClassLoader.java:357)
	... 39 more
2018-09-30 18:58:53,978 - Trying to use logger class org.apache.velocity.runtime.log.Log4JLogChute
2018-09-30 18:58:53,978 - Using logger class org.apache.velocity.runtime.log.Log4JLogChute
2018-09-30 18:58:53,979 - Default ResourceManager initializing. (class org.apache.velocity.runtime.resource.ResourceManagerImpl)
2018-09-30 18:58:53,980 - ResourceLoader instantiated: org.apache.velocity.runtime.resource.loader.FileResourceLoader
2018-09-30 18:58:53,981 - Do unicode file recognition:  false
2018-09-30 18:58:53,981 - FileResourceLoader : adding path '.'
2018-09-30 18:58:53,986 - ResourceCache: initialized (class org.apache.velocity.runtime.resource.ResourceCacheImpl)
2018-09-30 18:58:53,986 - Loaded System Directive: org.apache.velocity.runtime.directive.Literal
2018-09-30 18:58:53,987 - Loaded System Directive: org.apache.velocity.runtime.directive.Macro
2018-09-30 18:58:53,988 - Loaded System Directive: org.apache.velocity.runtime.directive.Parse
2018-09-30 18:58:53,988 - Loaded System Directive: org.apache.velocity.runtime.directive.Include
2018-09-30 18:58:53,989 - Loaded System Directive: org.apache.velocity.runtime.directive.Foreach
2018-09-30 18:58:54,001 - Created '20' parsers.
2018-09-30 18:58:54,004 - Velocimacro : "velocimacro.library" is not set.  Trying default library: VM_global_library.vm
2018-09-30 18:58:54,004 - Velocimacro : Default library not found.
2018-09-30 18:58:54,004 - Velocimacro : allowInline = true : VMs can be defined inline in templates
2018-09-30 18:58:54,004 - Velocimacro : allowInlineToOverride = false : VMs defined inline may NOT replace previous VM definitions
2018-09-30 18:58:54,004 - Velocimacro : allowInlineLocal = false : VMs defined inline will be global in scope if allowed.
2018-09-30 18:58:54,004 - Velocimacro : autoload off : VM system will not automatically reload global library macros
2018-09-30 19:12:32,329 - Log4JLogChute initialized using file 'velocity.log'
2018-09-30 19:12:32,329 - Velocity was not initialized! Calling init()...
2018-09-30 19:12:32,329 - Starting Apache Velocity v1.5 (compiled: 2007-02-22 08:52:29)
2018-09-30 19:12:32,330 - Default Properties File: org/apache/velocity/runtime/defaults/velocity.properties
2018-09-30 19:12:32,330 - Trying to use logger class org.apache.velocity.runtime.log.AvalonLogChute
2018-09-30 19:12:32,330 - Couldn't find class org.apache.velocity.runtime.log.AvalonLogChute or necessary supporting classes in classpath.
java.lang.NoClassDefFoundError: org/apache/log/format/Formatter
	at java.lang.Class.forName0(Native Method)
	at java.lang.Class.forName(Class.java:348)
	at org.apache.velocity.util.ClassUtils.getClass(ClassUtils.java:63)
	at org.apache.velocity.util.ClassUtils.getNewInstance(ClassUtils.java:95)
	at org.apache.velocity.runtime.log.LogManager.createLogChute(LogManager.java:147)
	at org.apache.velocity.runtime.log.LogManager.updateLog(LogManager.java:208)
	at org.apache.velocity.runtime.RuntimeInstance.initializeLog(RuntimeInstance.java:728)
	at org.apache.velocity.runtime.RuntimeInstance.init(RuntimeInstance.java:240)
	at org.apache.velocity.runtime.RuntimeInstance.parse(RuntimeInstance.java:993)
	at org.apache.velocity.runtime.RuntimeInstance.parse(RuntimeInstance.java:972)
	at org.apache.velocity.runtime.RuntimeSingleton.parse(RuntimeSingleton.java:265)
	at org.apache.velocity.app.Velocity.evaluate(Velocity.java:274)
	at org.sonatype.mavenbook.weather.WeatherFormatter.format(WeatherFormatter.java:21)
	at org.sonatype.mavenbook.weather.yahoo.WeatherFormatterTest.testFormat(WeatherFormatterTest.java:23)
	at sun.reflect.NativeMethodAccessorImpl.invoke0(Native Method)
	at sun.reflect.NativeMethodAccessorImpl.invoke(NativeMethodAccessorImpl.java:62)
	at sun.reflect.DelegatingMethodAccessorImpl.invoke(DelegatingMethodAccessorImpl.java:43)
	at java.lang.reflect.Method.invoke(Method.java:498)
	at junit.framework.TestCase.runTest(TestCase.java:176)
	at junit.framework.TestCase.runBare(TestCase.java:141)
	at junit.framework.TestResult$1.protect(TestResult.java:122)
	at junit.framework.TestResult.runProtected(TestResult.java:142)
	at junit.framework.TestResult.run(TestResult.java:125)
	at junit.framework.TestCase.run(TestCase.java:129)
	at junit.framework.TestSuite.runTest(TestSuite.java:252)
	at junit.framework.TestSuite.run(TestSuite.java:247)
	at org.junit.internal.runners.JUnit38ClassRunner.run(JUnit38ClassRunner.java:86)
	at org.apache.maven.surefire.junit4.JUnit4Provider.execute(JUnit4Provider.java:252)
	at org.apache.maven.surefire.junit4.JUnit4Provider.executeTestSet(JUnit4Provider.java:141)
	at org.apache.maven.surefire.junit4.JUnit4Provider.invoke(JUnit4Provider.java:112)
	at sun.reflect.NativeMethodAccessorImpl.invoke0(Native Method)
	at sun.reflect.NativeMethodAccessorImpl.invoke(NativeMethodAccessorImpl.java:62)
	at sun.reflect.DelegatingMethodAccessorImpl.invoke(DelegatingMethodAccessorImpl.java:43)
	at java.lang.reflect.Method.invoke(Method.java:498)
	at org.apache.maven.surefire.util.ReflectionUtils.invokeMethodWithArray(ReflectionUtils.java:189)
	at org.apache.maven.surefire.booter.ProviderFactory$ProviderProxy.invoke(ProviderFactory.java:165)
	at org.apache.maven.surefire.booter.ProviderFactory.invokeProvider(ProviderFactory.java:85)
	at org.apache.maven.surefire.booter.ForkedBooter.runSuitesInProcess(ForkedBooter.java:115)
	at org.apache.maven.surefire.booter.ForkedBooter.main(ForkedBooter.java:75)
Caused by: java.lang.ClassNotFoundException: org.apache.log.format.Formatter
	at java.net.URLClassLoader.findClass(URLClassLoader.java:381)
	at java.lang.ClassLoader.loadClass(ClassLoader.java:424)
	at sun.misc.Launcher$AppClassLoader.loadClass(Launcher.java:349)
	at java.lang.ClassLoader.loadClass(ClassLoader.java:357)
	... 39 more
2018-09-30 19:12:32,331 - Trying to use logger class org.apache.velocity.runtime.log.Log4JLogChute
2018-09-30 19:12:32,331 - Using logger class org.apache.velocity.runtime.log.Log4JLogChute
2018-09-30 19:12:32,332 - Default ResourceManager initializing. (class org.apache.velocity.runtime.resource.ResourceManagerImpl)
2018-09-30 19:12:32,334 - ResourceLoader instantiated: org.apache.velocity.runtime.resource.loader.FileResourceLoader
2018-09-30 19:12:32,334 - Do unicode file recognition:  false
2018-09-30 19:12:32,334 - FileResourceLoader : adding path '.'
2018-09-30 19:12:32,339 - ResourceCache: initialized (class org.apache.velocity.runtime.resource.ResourceCacheImpl)
2018-09-30 19:12:32,339 - Loaded System Directive: org.apache.velocity.runtime.directive.Literal
2018-09-30 19:12:32,340 - Loaded System Directive: org.apache.velocity.runtime.directive.Macro
2018-09-30 19:12:32,340 - Loaded System Directive: org.apache.velocity.runtime.directive.Parse
2018-09-30 19:12:32,341 - Loaded System Directive: org.apache.velocity.runtime.directive.Include
2018-09-30 19:12:32,342 - Loaded System Directive: org.apache.velocity.runtime.directive.Foreach
2018-09-30 19:12:32,354 - Created '20' parsers.
2018-09-30 19:12:32,357 - Velocimacro : "velocimacro.library" is not set.  Trying default library: VM_global_library.vm
2018-09-30 19:12:32,357 - Velocimacro : Default library not found.
2018-09-30 19:12:32,357 - Velocimacro : allowInline = true : VMs can be defined inline in templates
2018-09-30 19:12:32,357 - Velocimacro : allowInlineToOverride = false : VMs defined inline may NOT replace previous VM definitions
2018-09-30 19:12:32,357 - Velocimacro : allowInlineLocal = false : VMs defined inline will be global in scope if allowed.
2018-09-30 19:12:32,357 - Velocimacro : autoload off : VM system will not automatically reload global library macros
